INFO - 2025-01-20 05:46:20 --> Session: Class initialized using 'CodeIgniter\Session\Handlers\FileHandler' driver.
INFO - 2025-01-20 05:46:33 --> Session: Class initialized using 'CodeIgniter\Session\Handlers\FileHandler' driver.
INFO - 2025-01-20 05:46:33 --> Session: Class initialized using 'CodeIgniter\Session\Handlers\FileHandler' driver.
INFO - 2025-01-20 05:46:38 --> Session: Class initialized using 'CodeIgniter\Session\Handlers\FileHandler' driver.
INFO - 2025-01-20 05:53:25 --> Session: Class initialized using 'CodeIgniter\Session\Handlers\FileHandler' driver.
INFO - 2025-01-20 05:59:22 --> Session: Class initialized using 'CodeIgniter\Session\Handlers\FileHandler' driver.
CRITICAL - 2025-01-20 05:59:44 --> file(blank.png): Failed to open stream: No such file or directory
in SYSTEMPATH\Validation\Validation.php on line 299.
 1 [internal function]: CodeIgniter\Debug\Exceptions->errorHandler(2, 'file(blank.png): Failed to open stream: No such file or directory', 'SYSTEMPATH\\Validation\\Validation.php', 299)
 2 SYSTEMPATH\Validation\Validation.php(299): file('blank.png')
 3 SYSTEMPATH\Validation\Validation.php(170): CodeIgniter\Validation\Validation->processRules('file', 'file', 'blank.png', [...], [...])
 4 SYSTEMPATH\Controller.php(140): CodeIgniter\Validation\Validation->run()
 5 APPPATH\Controllers\FileController.php(20): CodeIgniter\Controller->validate([...])
 6 SYSTEMPATH\CodeIgniter.php(934): App\Controllers\FileController->save()
 7 SYSTEMPATH\CodeIgniter.php(499): CodeIgniter\CodeIgniter->runController(Object(App\Controllers\FileController))
 8 SYSTEMPATH\CodeIgniter.php(368): CodeIgniter\CodeIgniter->handleRequest(null, Object(Config\Cache), false)
 9 FCPATH\index.php(67): CodeIgniter\CodeIgniter->run()
10 SYSTEMPATH\Commands\Server\rewrite.php(47): require_once('FCPATH\\index.php')
CRITICAL - 2025-01-20 06:00:12 --> file(blank.png): Failed to open stream: No such file or directory
in SYSTEMPATH\Validation\Validation.php on line 299.
 1 [internal function]: CodeIgniter\Debug\Exceptions->errorHandler(2, 'file(blank.png): Failed to open stream: No such file or directory', 'SYSTEMPATH\\Validation\\Validation.php', 299)
 2 SYSTEMPATH\Validation\Validation.php(299): file('blank.png')
 3 SYSTEMPATH\Validation\Validation.php(170): CodeIgniter\Validation\Validation->processRules('file', 'file', 'blank.png', [...], [...])
 4 SYSTEMPATH\Controller.php(140): CodeIgniter\Validation\Validation->run()
 5 APPPATH\Controllers\FileController.php(20): CodeIgniter\Controller->validate([...])
 6 SYSTEMPATH\CodeIgniter.php(934): App\Controllers\FileController->save()
 7 SYSTEMPATH\CodeIgniter.php(499): CodeIgniter\CodeIgniter->runController(Object(App\Controllers\FileController))
 8 SYSTEMPATH\CodeIgniter.php(368): CodeIgniter\CodeIgniter->handleRequest(null, Object(Config\Cache), false)
 9 FCPATH\index.php(67): CodeIgniter\CodeIgniter->run()
10 SYSTEMPATH\Commands\Server\rewrite.php(47): require_once('FCPATH\\index.php')
INFO - 2025-01-20 06:00:16 --> Session: Class initialized using 'CodeIgniter\Session\Handlers\FileHandler' driver.
INFO - 2025-01-20 06:00:19 --> Session: Class initialized using 'CodeIgniter\Session\Handlers\FileHandler' driver.
CRITICAL - 2025-01-20 06:00:19 --> Call to undefined function display_error()
in APPPATH\Views\new.php on line 68.
 1 SYSTEMPATH\View\View.php(213): include()
 2 SYSTEMPATH\View\View.php(216): CodeIgniter\View\View->CodeIgniter\View\{closure}()
 3 SYSTEMPATH\Common.php(1177): CodeIgniter\View\View->render('new', [], true)
 4 APPPATH\Controllers\FileController.php(31): view('new', [...])
 5 SYSTEMPATH\CodeIgniter.php(934): App\Controllers\FileController->save()
 6 SYSTEMPATH\CodeIgniter.php(499): CodeIgniter\CodeIgniter->runController(Object(App\Controllers\FileController))
 7 SYSTEMPATH\CodeIgniter.php(368): CodeIgniter\CodeIgniter->handleRequest(null, Object(Config\Cache), false)
 8 FCPATH\index.php(67): CodeIgniter\CodeIgniter->run()
 9 SYSTEMPATH\Commands\Server\rewrite.php(47): require_once('FCPATH\\index.php')
INFO - 2025-01-20 06:01:04 --> Session: Class initialized using 'CodeIgniter\Session\Handlers\FileHandler' driver.
INFO - 2025-01-20 06:12:52 --> Session: Class initialized using 'CodeIgniter\Session\Handlers\FileHandler' driver.
INFO - 2025-01-20 06:12:52 --> Session: Class initialized using 'CodeIgniter\Session\Handlers\FileHandler' driver.
INFO - 2025-01-20 06:13:30 --> Session: Class initialized using 'CodeIgniter\Session\Handlers\FileHandler' driver.
INFO - 2025-01-20 06:13:33 --> Session: Class initialized using 'CodeIgniter\Session\Handlers\FileHandler' driver.
INFO - 2025-01-20 06:14:14 --> Session: Class initialized using 'CodeIgniter\Session\Handlers\FileHandler' driver.
INFO - 2025-01-20 06:16:53 --> Session: Class initialized using 'CodeIgniter\Session\Handlers\FileHandler' driver.
INFO - 2025-01-20 06:17:18 --> Session: Class initialized using 'CodeIgniter\Session\Handlers\FileHandler' driver.
INFO - 2025-01-20 06:17:18 --> Session: Class initialized using 'CodeIgniter\Session\Handlers\FileHandler' driver.
INFO - 2025-01-20 06:19:28 --> Session: Class initialized using 'CodeIgniter\Session\Handlers\FileHandler' driver.
INFO - 2025-01-20 06:19:52 --> Session: Class initialized using 'CodeIgniter\Session\Handlers\FileHandler' driver.
INFO - 2025-01-20 06:19:52 --> Session: Class initialized using 'CodeIgniter\Session\Handlers\FileHandler' driver.
INFO - 2025-01-20 06:23:58 --> Session: Class initialized using 'CodeIgniter\Session\Handlers\FileHandler' driver.
INFO - 2025-01-20 06:24:19 --> Session: Class initialized using 'CodeIgniter\Session\Handlers\FileHandler' driver.
INFO - 2025-01-20 06:24:19 --> Session: Class initialized using 'CodeIgniter\Session\Handlers\FileHandler' driver.
INFO - 2025-01-20 06:26:56 --> Session: Class initialized using 'CodeIgniter\Session\Handlers\FileHandler' driver.
INFO - 2025-01-20 06:27:46 --> Session: Class initialized using 'CodeIgniter\Session\Handlers\FileHandler' driver.
INFO - 2025-01-20 06:27:50 --> Session: Class initialized using 'CodeIgniter\Session\Handlers\FileHandler' driver.
CRITICAL - 2025-01-20 06:27:50 --> date(): Argument #2 ($timestamp) must be of type ?int, bool given
in SYSTEMPATH\ThirdParty\Kint\Zval\Representation\SplFileInfoRepresentation.php on line 185.
 1 SYSTEMPATH\ThirdParty\Kint\Zval\Representation\SplFileInfoRepresentation.php(185): date('Y', false)
 2 SYSTEMPATH\ThirdParty\Kint\Zval\Representation\SplFileInfoRepresentation.php(151): Kint\Zval\Representation\SplFileInfoRepresentation->getMTime()
 3 SYSTEMPATH\ThirdParty\Kint\Parser\SplFileInfoPlugin.php(53): Kint\Zval\Representation\SplFileInfoRepresentation->__construct(Object(CodeIgniter\HTTP\Files\UploadedFile))
 4 SYSTEMPATH\ThirdParty\Kint\Parser\Parser.php(632): Kint\Parser\SplFileInfoPlugin->parse(Object(CodeIgniter\HTTP\Files\UploadedFile), Object(Kint\Zval\InstanceValue), 8)
 5 SYSTEMPATH\ThirdParty\Kint\Parser\Parser.php(427): Kint\Parser\Parser->applyPlugins(Object(CodeIgniter\HTTP\Files\UploadedFile), Object(Kint\Zval\InstanceValue), 8)
 6 SYSTEMPATH\ThirdParty\Kint\Parser\Parser.php(138): Kint\Parser\Parser->parseObject(Object(CodeIgniter\HTTP\Files\UploadedFile), Object(Kint\Zval\Value))
 7 SYSTEMPATH\ThirdParty\Kint\Parser\Parser.php(383): Kint\Parser\Parser->parse(Object(CodeIgniter\HTTP\Files\UploadedFile), Object(Kint\Zval\Value))
 8 SYSTEMPATH\ThirdParty\Kint\Parser\Parser.php(131): Kint\Parser\Parser->parseArray([...], Object(Kint\Zval\Value))
 9 SYSTEMPATH\ThirdParty\Kint\Parser\Parser.php(565): Kint\Parser\Parser->parse([...], Object(Kint\Zval\Value))
10 SYSTEMPATH\ThirdParty\Kint\Parser\Parser.php(138): Kint\Parser\Parser->parseObject(Object(CodeIgniter\HTTP\Files\FileCollection), Object(Kint\Zval\Value))
11 SYSTEMPATH\ThirdParty\Kint\Parser\Parser.php(565): Kint\Parser\Parser->parse(Object(CodeIgniter\HTTP\Files\FileCollection), Object(Kint\Zval\Value))
12 SYSTEMPATH\ThirdParty\Kint\Parser\Parser.php(138): Kint\Parser\Parser->parseObject(Object(CodeIgniter\HTTP\IncomingRequest), Object(Kint\Zval\Value))
13 SYSTEMPATH\ThirdParty\Kint\Parser\Parser.php(565): Kint\Parser\Parser->parse(Object(CodeIgniter\HTTP\IncomingRequest), Object(Kint\Zval\Value))
14 SYSTEMPATH\ThirdParty\Kint\Parser\Parser.php(138): Kint\Parser\Parser->parseObject(Object(CodeIgniter\Validation\StrictRules\FileRules), Object(Kint\Zval\Value))
15 SYSTEMPATH\ThirdParty\Kint\Parser\Parser.php(383): Kint\Parser\Parser->parse(Object(CodeIgniter\Validation\StrictRules\FileRules), Object(Kint\Zval\Value))
16 SYSTEMPATH\ThirdParty\Kint\Parser\Parser.php(131): Kint\Parser\Parser->parseArray([...], Object(Kint\Zval\Value))
17 SYSTEMPATH\ThirdParty\Kint\Parser\Parser.php(565): Kint\Parser\Parser->parse([...], Object(Kint\Zval\Value))
18 SYSTEMPATH\ThirdParty\Kint\Parser\Parser.php(138): Kint\Parser\Parser->parseObject(Object(CodeIgniter\Validation\Validation), Object(Kint\Zval\Value))
19 SYSTEMPATH\ThirdParty\Kint\Kint.php(285): Kint\Parser\Parser->parse(Object(CodeIgniter\Validation\Validation), Object(Kint\Zval\Value))
20 SYSTEMPATH\ThirdParty\Kint\Kint.php(268): Kint\Kint->dumpVar(Object(CodeIgniter\Validation\Validation), Object(Kint\Zval\Value))
21 SYSTEMPATH\ThirdParty\Kint\Kint.php(575): Kint\Kint->dumpAll([...], [...])
22 SYSTEMPATH\Debug\Toolbar.php(110): Kint\Kint::dump(Object(CodeIgniter\Validation\Validation))
23 SYSTEMPATH\Debug\Toolbar.php(370): CodeIgniter\Debug\Toolbar->run(1737354470.617375, 0.0767, Object(CodeIgniter\HTTP\IncomingRequest), Object(CodeIgniter\HTTP\Response))
24 SYSTEMPATH\Filters\DebugToolbar.php(40): CodeIgniter\Debug\Toolbar->prepare(Object(CodeIgniter\HTTP\IncomingRequest), Object(CodeIgniter\HTTP\Response))
25 SYSTEMPATH\Filters\Filters.php(196): CodeIgniter\Filters\DebugToolbar->after(Object(CodeIgniter\HTTP\IncomingRequest), Object(CodeIgniter\HTTP\Response), null)
26 SYSTEMPATH\CodeIgniter.php(519): CodeIgniter\Filters\Filters->run('save', 'after')
27 SYSTEMPATH\CodeIgniter.php(368): CodeIgniter\CodeIgniter->handleRequest(null, Object(Config\Cache), false)
28 FCPATH\index.php(67): CodeIgniter\CodeIgniter->run()
29 SYSTEMPATH\Commands\Server\rewrite.php(47): require_once('FCPATH\\index.php')
INFO - 2025-01-20 06:28:39 --> Session: Class initialized using 'CodeIgniter\Session\Handlers\FileHandler' driver.
INFO - 2025-01-20 06:28:41 --> Session: Class initialized using 'CodeIgniter\Session\Handlers\FileHandler' driver.
INFO - 2025-01-20 06:28:42 --> Session: Class initialized using 'CodeIgniter\Session\Handlers\FileHandler' driver.
CRITICAL - 2025-01-20 06:28:42 --> date(): Argument #2 ($timestamp) must be of type ?int, bool given
in SYSTEMPATH\ThirdParty\Kint\Zval\Representation\SplFileInfoRepresentation.php on line 185.
 1 SYSTEMPATH\ThirdParty\Kint\Zval\Representation\SplFileInfoRepresentation.php(185): date('Y', false)
 2 SYSTEMPATH\ThirdParty\Kint\Zval\Representation\SplFileInfoRepresentation.php(151): Kint\Zval\Representation\SplFileInfoRepresentation->getMTime()
 3 SYSTEMPATH\ThirdParty\Kint\Parser\SplFileInfoPlugin.php(53): Kint\Zval\Representation\SplFileInfoRepresentation->__construct(Object(CodeIgniter\HTTP\Files\UploadedFile))
 4 SYSTEMPATH\ThirdParty\Kint\Parser\Parser.php(632): Kint\Parser\SplFileInfoPlugin->parse(Object(CodeIgniter\HTTP\Files\UploadedFile), Object(Kint\Zval\InstanceValue), 8)
 5 SYSTEMPATH\ThirdParty\Kint\Parser\Parser.php(427): Kint\Parser\Parser->applyPlugins(Object(CodeIgniter\HTTP\Files\UploadedFile), Object(Kint\Zval\InstanceValue), 8)
 6 SYSTEMPATH\ThirdParty\Kint\Parser\Parser.php(138): Kint\Parser\Parser->parseObject(Object(CodeIgniter\HTTP\Files\UploadedFile), Object(Kint\Zval\Value))
 7 SYSTEMPATH\ThirdParty\Kint\Parser\Parser.php(383): Kint\Parser\Parser->parse(Object(CodeIgniter\HTTP\Files\UploadedFile), Object(Kint\Zval\Value))
 8 SYSTEMPATH\ThirdParty\Kint\Parser\Parser.php(131): Kint\Parser\Parser->parseArray([...], Object(Kint\Zval\Value))
 9 SYSTEMPATH\ThirdParty\Kint\Parser\Parser.php(565): Kint\Parser\Parser->parse([...], Object(Kint\Zval\Value))
10 SYSTEMPATH\ThirdParty\Kint\Parser\Parser.php(138): Kint\Parser\Parser->parseObject(Object(CodeIgniter\HTTP\Files\FileCollection), Object(Kint\Zval\Value))
11 SYSTEMPATH\ThirdParty\Kint\Parser\Parser.php(565): Kint\Parser\Parser->parse(Object(CodeIgniter\HTTP\Files\FileCollection), Object(Kint\Zval\Value))
12 SYSTEMPATH\ThirdParty\Kint\Parser\Parser.php(138): Kint\Parser\Parser->parseObject(Object(CodeIgniter\HTTP\IncomingRequest), Object(Kint\Zval\Value))
13 SYSTEMPATH\ThirdParty\Kint\Parser\Parser.php(565): Kint\Parser\Parser->parse(Object(CodeIgniter\HTTP\IncomingRequest), Object(Kint\Zval\Value))
14 SYSTEMPATH\ThirdParty\Kint\Parser\Parser.php(138): Kint\Parser\Parser->parseObject(Object(CodeIgniter\Validation\StrictRules\FileRules), Object(Kint\Zval\Value))
15 SYSTEMPATH\ThirdParty\Kint\Parser\Parser.php(383): Kint\Parser\Parser->parse(Object(CodeIgniter\Validation\StrictRules\FileRules), Object(Kint\Zval\Value))
16 SYSTEMPATH\ThirdParty\Kint\Parser\Parser.php(131): Kint\Parser\Parser->parseArray([...], Object(Kint\Zval\Value))
17 SYSTEMPATH\ThirdParty\Kint\Parser\Parser.php(565): Kint\Parser\Parser->parse([...], Object(Kint\Zval\Value))
18 SYSTEMPATH\ThirdParty\Kint\Parser\Parser.php(138): Kint\Parser\Parser->parseObject(Object(CodeIgniter\Validation\Validation), Object(Kint\Zval\Value))
19 SYSTEMPATH\ThirdParty\Kint\Kint.php(285): Kint\Parser\Parser->parse(Object(CodeIgniter\Validation\Validation), Object(Kint\Zval\Value))
20 SYSTEMPATH\ThirdParty\Kint\Kint.php(268): Kint\Kint->dumpVar(Object(CodeIgniter\Validation\Validation), Object(Kint\Zval\Value))
21 SYSTEMPATH\ThirdParty\Kint\Kint.php(575): Kint\Kint->dumpAll([...], [...])
22 SYSTEMPATH\Debug\Toolbar.php(110): Kint\Kint::dump(Object(CodeIgniter\Validation\Validation))
23 SYSTEMPATH\Debug\Toolbar.php(370): CodeIgniter\Debug\Toolbar->run(1737354522.644349, 0.0646, Object(CodeIgniter\HTTP\IncomingRequest), Object(CodeIgniter\HTTP\Response))
24 SYSTEMPATH\Filters\DebugToolbar.php(40): CodeIgniter\Debug\Toolbar->prepare(Object(CodeIgniter\HTTP\IncomingRequest), Object(CodeIgniter\HTTP\Response))
25 SYSTEMPATH\Filters\Filters.php(196): CodeIgniter\Filters\DebugToolbar->after(Object(CodeIgniter\HTTP\IncomingRequest), Object(CodeIgniter\HTTP\Response), null)
26 SYSTEMPATH\CodeIgniter.php(519): CodeIgniter\Filters\Filters->run('save', 'after')
27 SYSTEMPATH\CodeIgniter.php(368): CodeIgniter\CodeIgniter->handleRequest(null, Object(Config\Cache), false)
28 FCPATH\index.php(67): CodeIgniter\CodeIgniter->run()
29 SYSTEMPATH\Commands\Server\rewrite.php(47): require_once('FCPATH\\index.php')
INFO - 2025-01-20 06:29:32 --> Session: Class initialized using 'CodeIgniter\Session\Handlers\FileHandler' driver.
CRITICAL - 2025-01-20 06:29:32 --> date(): Argument #2 ($timestamp) must be of type ?int, bool given
in SYSTEMPATH\ThirdParty\Kint\Zval\Representation\SplFileInfoRepresentation.php on line 185.
 1 SYSTEMPATH\ThirdParty\Kint\Zval\Representation\SplFileInfoRepresentation.php(185): date('Y', false)
 2 SYSTEMPATH\ThirdParty\Kint\Zval\Representation\SplFileInfoRepresentation.php(151): Kint\Zval\Representation\SplFileInfoRepresentation->getMTime()
 3 SYSTEMPATH\ThirdParty\Kint\Parser\SplFileInfoPlugin.php(53): Kint\Zval\Representation\SplFileInfoRepresentation->__construct(Object(CodeIgniter\HTTP\Files\UploadedFile))
 4 SYSTEMPATH\ThirdParty\Kint\Parser\Parser.php(632): Kint\Parser\SplFileInfoPlugin->parse(Object(CodeIgniter\HTTP\Files\UploadedFile), Object(Kint\Zval\InstanceValue), 8)
 5 SYSTEMPATH\ThirdParty\Kint\Parser\Parser.php(427): Kint\Parser\Parser->applyPlugins(Object(CodeIgniter\HTTP\Files\UploadedFile), Object(Kint\Zval\InstanceValue), 8)
 6 SYSTEMPATH\ThirdParty\Kint\Parser\Parser.php(138): Kint\Parser\Parser->parseObject(Object(CodeIgniter\HTTP\Files\UploadedFile), Object(Kint\Zval\Value))
 7 SYSTEMPATH\ThirdParty\Kint\Parser\Parser.php(383): Kint\Parser\Parser->parse(Object(CodeIgniter\HTTP\Files\UploadedFile), Object(Kint\Zval\Value))
 8 SYSTEMPATH\ThirdParty\Kint\Parser\Parser.php(131): Kint\Parser\Parser->parseArray([...], Object(Kint\Zval\Value))
 9 SYSTEMPATH\ThirdParty\Kint\Parser\Parser.php(565): Kint\Parser\Parser->parse([...], Object(Kint\Zval\Value))
10 SYSTEMPATH\ThirdParty\Kint\Parser\Parser.php(138): Kint\Parser\Parser->parseObject(Object(CodeIgniter\HTTP\Files\FileCollection), Object(Kint\Zval\Value))
11 SYSTEMPATH\ThirdParty\Kint\Parser\Parser.php(565): Kint\Parser\Parser->parse(Object(CodeIgniter\HTTP\Files\FileCollection), Object(Kint\Zval\Value))
12 SYSTEMPATH\ThirdParty\Kint\Parser\Parser.php(138): Kint\Parser\Parser->parseObject(Object(CodeIgniter\HTTP\IncomingRequest), Object(Kint\Zval\Value))
13 SYSTEMPATH\ThirdParty\Kint\Parser\Parser.php(565): Kint\Parser\Parser->parse(Object(CodeIgniter\HTTP\IncomingRequest), Object(Kint\Zval\Value))
14 SYSTEMPATH\ThirdParty\Kint\Parser\Parser.php(138): Kint\Parser\Parser->parseObject(Object(CodeIgniter\Validation\StrictRules\FileRules), Object(Kint\Zval\Value))
15 SYSTEMPATH\ThirdParty\Kint\Parser\Parser.php(383): Kint\Parser\Parser->parse(Object(CodeIgniter\Validation\StrictRules\FileRules), Object(Kint\Zval\Value))
16 SYSTEMPATH\ThirdParty\Kint\Parser\Parser.php(131): Kint\Parser\Parser->parseArray([...], Object(Kint\Zval\Value))
17 SYSTEMPATH\ThirdParty\Kint\Parser\Parser.php(565): Kint\Parser\Parser->parse([...], Object(Kint\Zval\Value))
18 SYSTEMPATH\ThirdParty\Kint\Parser\Parser.php(138): Kint\Parser\Parser->parseObject(Object(CodeIgniter\Validation\Validation), Object(Kint\Zval\Value))
19 SYSTEMPATH\ThirdParty\Kint\Kint.php(285): Kint\Parser\Parser->parse(Object(CodeIgniter\Validation\Validation), Object(Kint\Zval\Value))
20 SYSTEMPATH\ThirdParty\Kint\Kint.php(268): Kint\Kint->dumpVar(Object(CodeIgniter\Validation\Validation), Object(Kint\Zval\Value))
21 SYSTEMPATH\ThirdParty\Kint\Kint.php(575): Kint\Kint->dumpAll([...], [...])
22 SYSTEMPATH\Debug\Toolbar.php(110): Kint\Kint::dump(Object(CodeIgniter\Validation\Validation))
23 SYSTEMPATH\Debug\Toolbar.php(370): CodeIgniter\Debug\Toolbar->run(1737354572.570811, 0.0699, Object(CodeIgniter\HTTP\IncomingRequest), Object(CodeIgniter\HTTP\Response))
24 SYSTEMPATH\Filters\DebugToolbar.php(40): CodeIgniter\Debug\Toolbar->prepare(Object(CodeIgniter\HTTP\IncomingRequest), Object(CodeIgniter\HTTP\Response))
25 SYSTEMPATH\Filters\Filters.php(196): CodeIgniter\Filters\DebugToolbar->after(Object(CodeIgniter\HTTP\IncomingRequest), Object(CodeIgniter\HTTP\Response), null)
26 SYSTEMPATH\CodeIgniter.php(519): CodeIgniter\Filters\Filters->run('save', 'after')
27 SYSTEMPATH\CodeIgniter.php(368): CodeIgniter\CodeIgniter->handleRequest(null, Object(Config\Cache), false)
28 FCPATH\index.php(67): CodeIgniter\CodeIgniter->run()
29 SYSTEMPATH\Commands\Server\rewrite.php(47): require_once('FCPATH\\index.php')
INFO - 2025-01-20 06:30:08 --> Session: Class initialized using 'CodeIgniter\Session\Handlers\FileHandler' driver.
INFO - 2025-01-20 06:30:10 --> Session: Class initialized using 'CodeIgniter\Session\Handlers\FileHandler' driver.
INFO - 2025-01-20 06:30:17 --> Session: Class initialized using 'CodeIgniter\Session\Handlers\FileHandler' driver.
INFO - 2025-01-20 06:30:37 --> Session: Class initialized using 'CodeIgniter\Session\Handlers\FileHandler' driver.
INFO - 2025-01-20 06:30:53 --> Session: Class initialized using 'CodeIgniter\Session\Handlers\FileHandler' driver.
INFO - 2025-01-20 06:32:38 --> Session: Class initialized using 'CodeIgniter\Session\Handlers\FileHandler' driver.
INFO - 2025-01-20 06:33:15 --> Session: Class initialized using 'CodeIgniter\Session\Handlers\FileHandler' driver.
INFO - 2025-01-20 06:33:19 --> Session: Class initialized using 'CodeIgniter\Session\Handlers\FileHandler' driver.
INFO - 2025-01-20 06:33:39 --> Session: Class initialized using 'CodeIgniter\Session\Handlers\FileHandler' driver.
INFO - 2025-01-20 06:33:40 --> Session: Class initialized using 'CodeIgniter\Session\Handlers\FileHandler' driver.
CRITICAL - 2025-01-20 06:33:40 --> date(): Argument #2 ($timestamp) must be of type ?int, bool given
in SYSTEMPATH\ThirdParty\Kint\Zval\Representation\SplFileInfoRepresentation.php on line 185.
 1 SYSTEMPATH\ThirdParty\Kint\Zval\Representation\SplFileInfoRepresentation.php(185): date('Y', false)
 2 SYSTEMPATH\ThirdParty\Kint\Zval\Representation\SplFileInfoRepresentation.php(151): Kint\Zval\Representation\SplFileInfoRepresentation->getMTime()
 3 SYSTEMPATH\ThirdParty\Kint\Parser\SplFileInfoPlugin.php(53): Kint\Zval\Representation\SplFileInfoRepresentation->__construct(Object(CodeIgniter\HTTP\Files\UploadedFile))
 4 SYSTEMPATH\ThirdParty\Kint\Parser\Parser.php(632): Kint\Parser\SplFileInfoPlugin->parse(Object(CodeIgniter\HTTP\Files\UploadedFile), Object(Kint\Zval\InstanceValue), 8)
 5 SYSTEMPATH\ThirdParty\Kint\Parser\Parser.php(427): Kint\Parser\Parser->applyPlugins(Object(CodeIgniter\HTTP\Files\UploadedFile), Object(Kint\Zval\InstanceValue), 8)
 6 SYSTEMPATH\ThirdParty\Kint\Parser\Parser.php(138): Kint\Parser\Parser->parseObject(Object(CodeIgniter\HTTP\Files\UploadedFile), Object(Kint\Zval\Value))
 7 SYSTEMPATH\ThirdParty\Kint\Parser\Parser.php(383): Kint\Parser\Parser->parse(Object(CodeIgniter\HTTP\Files\UploadedFile), Object(Kint\Zval\Value))
 8 SYSTEMPATH\ThirdParty\Kint\Parser\Parser.php(131): Kint\Parser\Parser->parseArray([...], Object(Kint\Zval\Value))
 9 SYSTEMPATH\ThirdParty\Kint\Parser\Parser.php(565): Kint\Parser\Parser->parse([...], Object(Kint\Zval\Value))
10 SYSTEMPATH\ThirdParty\Kint\Parser\Parser.php(138): Kint\Parser\Parser->parseObject(Object(CodeIgniter\HTTP\Files\FileCollection), Object(Kint\Zval\Value))
11 SYSTEMPATH\ThirdParty\Kint\Parser\Parser.php(565): Kint\Parser\Parser->parse(Object(CodeIgniter\HTTP\Files\FileCollection), Object(Kint\Zval\Value))
12 SYSTEMPATH\ThirdParty\Kint\Parser\Parser.php(138): Kint\Parser\Parser->parseObject(Object(CodeIgniter\HTTP\IncomingRequest), Object(Kint\Zval\Value))
13 SYSTEMPATH\ThirdParty\Kint\Parser\Parser.php(565): Kint\Parser\Parser->parse(Object(CodeIgniter\HTTP\IncomingRequest), Object(Kint\Zval\Value))
14 SYSTEMPATH\ThirdParty\Kint\Parser\Parser.php(138): Kint\Parser\Parser->parseObject(Object(CodeIgniter\Validation\StrictRules\FileRules), Object(Kint\Zval\Value))
15 SYSTEMPATH\ThirdParty\Kint\Parser\Parser.php(383): Kint\Parser\Parser->parse(Object(CodeIgniter\Validation\StrictRules\FileRules), Object(Kint\Zval\Value))
16 SYSTEMPATH\ThirdParty\Kint\Parser\Parser.php(131): Kint\Parser\Parser->parseArray([...], Object(Kint\Zval\Value))
17 SYSTEMPATH\ThirdParty\Kint\Parser\Parser.php(565): Kint\Parser\Parser->parse([...], Object(Kint\Zval\Value))
18 SYSTEMPATH\ThirdParty\Kint\Parser\Parser.php(138): Kint\Parser\Parser->parseObject(Object(CodeIgniter\Validation\Validation), Object(Kint\Zval\Value))
19 SYSTEMPATH\ThirdParty\Kint\Kint.php(285): Kint\Parser\Parser->parse(Object(CodeIgniter\Validation\Validation), Object(Kint\Zval\Value))
20 SYSTEMPATH\ThirdParty\Kint\Kint.php(268): Kint\Kint->dumpVar(Object(CodeIgniter\Validation\Validation), Object(Kint\Zval\Value))
21 SYSTEMPATH\ThirdParty\Kint\Kint.php(575): Kint\Kint->dumpAll([...], [...])
22 SYSTEMPATH\Debug\Toolbar.php(110): Kint\Kint::dump(Object(CodeIgniter\Validation\Validation))
23 SYSTEMPATH\Debug\Toolbar.php(370): CodeIgniter\Debug\Toolbar->run(1737354820.818929, 0.0729, Object(CodeIgniter\HTTP\IncomingRequest), Object(CodeIgniter\HTTP\Response))
24 SYSTEMPATH\Filters\DebugToolbar.php(40): CodeIgniter\Debug\Toolbar->prepare(Object(CodeIgniter\HTTP\IncomingRequest), Object(CodeIgniter\HTTP\Response))
25 SYSTEMPATH\Filters\Filters.php(196): CodeIgniter\Filters\DebugToolbar->after(Object(CodeIgniter\HTTP\IncomingRequest), Object(CodeIgniter\HTTP\Response), null)
26 SYSTEMPATH\CodeIgniter.php(519): CodeIgniter\Filters\Filters->run('save', 'after')
27 SYSTEMPATH\CodeIgniter.php(368): CodeIgniter\CodeIgniter->handleRequest(null, Object(Config\Cache), false)
28 FCPATH\index.php(67): CodeIgniter\CodeIgniter->run()
29 SYSTEMPATH\Commands\Server\rewrite.php(47): require_once('FCPATH\\index.php')
INFO - 2025-01-20 06:34:14 --> Session: Class initialized using 'CodeIgniter\Session\Handlers\FileHandler' driver.
INFO - 2025-01-20 06:34:23 --> Session: Class initialized using 'CodeIgniter\Session\Handlers\FileHandler' driver.
INFO - 2025-01-20 06:34:32 --> Session: Class initialized using 'CodeIgniter\Session\Handlers\FileHandler' driver.
INFO - 2025-01-20 06:36:41 --> Session: Class initialized using 'CodeIgniter\Session\Handlers\FileHandler' driver.
INFO - 2025-01-20 06:36:44 --> Session: Class initialized using 'CodeIgniter\Session\Handlers\FileHandler' driver.
INFO - 2025-01-20 06:41:28 --> Session: Class initialized using 'CodeIgniter\Session\Handlers\FileHandler' driver.
INFO - 2025-01-20 06:41:35 --> Session: Class initialized using 'CodeIgniter\Session\Handlers\FileHandler' driver.
INFO - 2025-01-20 06:41:44 --> Session: Class initialized using 'CodeIgniter\Session\Handlers\FileHandler' driver.
INFO - 2025-01-20 06:44:36 --> Session: Class initialized using 'CodeIgniter\Session\Handlers\FileHandler' driver.
INFO - 2025-01-20 06:44:54 --> Session: Class initialized using 'CodeIgniter\Session\Handlers\FileHandler' driver.
INFO - 2025-01-20 06:45:36 --> Session: Class initialized using 'CodeIgniter\Session\Handlers\FileHandler' driver.
INFO - 2025-01-20 06:56:52 --> Session: Class initialized using 'CodeIgniter\Session\Handlers\FileHandler' driver.
INFO - 2025-01-20 06:59:52 --> Session: Class initialized using 'CodeIgniter\Session\Handlers\FileHandler' driver.
INFO - 2025-01-20 07:00:35 --> Session: Class initialized using 'CodeIgniter\Session\Handlers\FileHandler' driver.
INFO - 2025-01-20 07:01:28 --> Session: Class initialized using 'CodeIgniter\Session\Handlers\FileHandler' driver.
INFO - 2025-01-20 07:01:58 --> Session: Class initialized using 'CodeIgniter\Session\Handlers\FileHandler' driver.
INFO - 2025-01-20 07:02:27 --> Session: Class initialized using 'CodeIgniter\Session\Handlers\FileHandler' driver.
INFO - 2025-01-20 07:03:30 --> Session: Class initialized using 'CodeIgniter\Session\Handlers\FileHandler' driver.
INFO - 2025-01-20 07:04:01 --> Session: Class initialized using 'CodeIgniter\Session\Handlers\FileHandler' driver.
INFO - 2025-01-20 07:04:50 --> Session: Class initialized using 'CodeIgniter\Session\Handlers\FileHandler' driver.
INFO - 2025-01-20 07:06:38 --> Session: Class initialized using 'CodeIgniter\Session\Handlers\FileHandler' driver.
INFO - 2025-01-20 07:11:03 --> Session: Class initialized using 'CodeIgniter\Session\Handlers\FileHandler' driver.
INFO - 2025-01-20 07:11:43 --> Session: Class initialized using 'CodeIgniter\Session\Handlers\FileHandler' driver.
INFO - 2025-01-20 07:13:00 --> Session: Class initialized using 'CodeIgniter\Session\Handlers\FileHandler' driver.
INFO - 2025-01-20 07:13:33 --> Session: Class initialized using 'CodeIgniter\Session\Handlers\FileHandler' driver.
INFO - 2025-01-20 07:14:01 --> Session: Class initialized using 'CodeIgniter\Session\Handlers\FileHandler' driver.
INFO - 2025-01-20 07:14:06 --> Session: Class initialized using 'CodeIgniter\Session\Handlers\FileHandler' driver.
INFO - 2025-01-20 07:36:55 --> Session: Class initialized using 'CodeIgniter\Session\Handlers\FileHandler' driver.
INFO - 2025-01-20 07:36:59 --> Session: Class initialized using 'CodeIgniter\Session\Handlers\FileHandler' driver.
INFO - 2025-01-20 07:40:15 --> Session: Class initialized using 'CodeIgniter\Session\Handlers\FileHandler' driver.
INFO - 2025-01-20 07:40:47 --> Session: Class initialized using 'CodeIgniter\Session\Handlers\FileHandler' driver.
INFO - 2025-01-20 07:41:37 --> Session: Class initialized using 'CodeIgniter\Session\Handlers\FileHandler' driver.
INFO - 2025-01-20 07:43:25 --> Session: Class initialized using 'CodeIgniter\Session\Handlers\FileHandler' driver.
INFO - 2025-01-20 07:45:28 --> Session: Class initialized using 'CodeIgniter\Session\Handlers\FileHandler' driver.
INFO - 2025-01-20 07:45:31 --> Session: Class initialized using 'CodeIgniter\Session\Handlers\FileHandler' driver.
INFO - 2025-01-20 07:45:37 --> Session: Class initialized using 'CodeIgniter\Session\Handlers\FileHandler' driver.
INFO - 2025-01-20 07:45:41 --> Session: Class initialized using 'CodeIgniter\Session\Handlers\FileHandler' driver.
INFO - 2025-01-20 07:46:23 --> Session: Class initialized using 'CodeIgniter\Session\Handlers\FileHandler' driver.
INFO - 2025-01-20 07:46:25 --> Session: Class initialized using 'CodeIgniter\Session\Handlers\FileHandler' driver.
INFO - 2025-01-20 07:47:19 --> Session: Class initialized using 'CodeIgniter\Session\Handlers\FileHandler' driver.
INFO - 2025-01-20 07:47:24 --> Session: Class initialized using 'CodeIgniter\Session\Handlers\FileHandler' driver.
INFO - 2025-01-20 07:47:27 --> Session: Class initialized using 'CodeIgniter\Session\Handlers\FileHandler' driver.
INFO - 2025-01-20 07:47:38 --> Session: Class initialized using 'CodeIgniter\Session\Handlers\FileHandler' driver.
INFO - 2025-01-20 07:47:49 --> Session: Class initialized using 'CodeIgniter\Session\Handlers\FileHandler' driver.
INFO - 2025-01-20 07:48:19 --> Session: Class initialized using 'CodeIgniter\Session\Handlers\FileHandler' driver.
INFO - 2025-01-20 07:50:58 --> Session: Class initialized using 'CodeIgniter\Session\Handlers\FileHandler' driver.
INFO - 2025-01-20 07:51:56 --> Session: Class initialized using 'CodeIgniter\Session\Handlers\FileHandler' driver.
